<?xml version="1.0" encoding="UTF-8"?>
<testng-results ignored="0" total="1" passed="1" failed="0" skipped="0">
  <reporter-output>
  </reporter-output>
  <suite started-at="2020-09-27T20:23:49 IST" name="Default suite" finished-at="2020-09-27T20:24:34 IST" duration-ms="45143">
    <groups>
    </groups>
    <test started-at="2020-09-27T20:23:49 IST" name="Default test" finished-at="2020-09-27T20:24:34 IST" duration-ms="45143">
      <class name="testcase.TestScripts">
        <test-method signature="test01()[pri:0, instance:testcase.TestScripts@55740540]" started-at="2020-09-27T20:23:49 IST" name="test01" finished-at="2020-09-27T20:24:34 IST" duration-ms="44897" status="PASS">
          <reporter-output>
          </reporter-output>
        </test-method> <!-- test01 -->
      </class> <!-- testcase.TestScripts -->
    </test> <!-- Default test -->
  </suite> <!-- Default suite -->
</testng-results>
